14:27:59.800 INFO - Selenium build info: version: '3.9.1', revision: '63f7b50'
14:27:59.802 INFO - Launching a standalone Selenium Server on port 4444
2018-04-21 14:28:00.227:INFO::main: Logging initialized @1260ms to org.seleniumhq.jetty9.util.log.StdErrLog
2018-04-21 14:28:00.516:INFO:osjs.Server:main: jetty-9.4.7.v20170914, build timestamp: 2017-11-21T15:27:37-06:00, git hash: 82b8fb23f757335bb3329d540ce37a2a2615f0a8
2018-04-21 14:28:00.584:WARN:osjs.SecurityHandler:main: ServletContext@o.s.j.s.ServletContextHandler@58695725{/,null,STARTING} has uncovered http methods for path: /
2018-04-21 14:28:00.592:INFO:osjsh.ContextHandler:main: Started o.s.j.s.ServletContextHandler@58695725{/,null,AVAILABLE}
2018-04-21 14:28:00.643:INFO:osjs.AbstractConnector:main: Started ServerConnector@f78a47e{HTTP/1.1,[http/1.1]}{0.0.0.0:4444}
2018-04-21 14:28:00.644:INFO:osjs.Server:main: Started @1678ms
14:28:00.644 INFO - Selenium Server is up and running on port 4444
2018-04-21 14:28:01.080:INFO:osjshC.ROOT:qtp1496355635-16: org.openqa.selenium.remote.server.WebDriverServlet-2177849e: Initialising WebDriverServlet
14:28:01.209 INFO - Found handler: org.openqa.selenium.remote.server.commandhandler.BeginSession@331786a2
14:28:01.216 INFO - /session: Executing POST on /session (handler: BeginSession)
14:28:01.403 INFO - Capabilities are: Capabilities {acceptSslCerts: true, browserName: chrome, javascriptEnabled: true, marionette: true, name: Forum Flow}
14:28:01.408 INFO - Capabilities {acceptSslCerts: true, browserName: chrome, javascriptEnabled: true, marionette: true, name: Forum Flow} matched class org.openqa.selenium.remote.server.ServicedSession$Factory (provider: org.openqa.selenium.chrome.ChromeDriverService)
Starting ChromeDriver 2.36.540471 (9c759b81a907e70363c6312294d30b6ccccc2752) on port 7784
Only local connections are allowed.
14:28:03.291 INFO - Detected dialect: OSS
14:28:04.185 INFO - Found handler: org.openqa.selenium.remote.server.ServicedSession@37cc862c
14:28:04.186 INFO - Handler thread for session 4337dbb71ca8dcdf2fe4c79b84065c51 (chrome): Executing POST on /session/4337dbb71ca8dcdf2fe4c79b84065c51/refresh (handler: ServicedSession)
14:28:04.192 INFO - To upstream: 
14:28:04.211 INFO - To downstream: {"sessionId":"4337dbb71ca8dcdf2fe4c79b84065c51","status":0,"value":null}
14:28:04.228 INFO - Found handler: org.openqa.selenium.remote.server.ServicedSession@37cc862c
14:28:04.229 INFO - Handler thread for session 4337dbb71ca8dcdf2fe4c79b84065c51 (chrome): Executing POST on /session/4337dbb71ca8dcdf2fe4c79b84065c51/timeouts/implicit_wait (handler: ServicedSession)
14:28:04.234 INFO - To upstream: {"ms":10000}
14:28:04.236 INFO - To downstream: {"sessionId":"4337dbb71ca8dcdf2fe4c79b84065c51","status":0,"value":null}
14:28:04.252 INFO - Found handler: org.openqa.selenium.remote.server.ServicedSession@37cc862c
14:28:04.253 INFO - Handler thread for session 4337dbb71ca8dcdf2fe4c79b84065c51 (chrome): Executing POST on /session/4337dbb71ca8dcdf2fe4c79b84065c51/url (handler: ServicedSession)
14:28:04.257 INFO - To upstream: {"url":"http://localhost:3000/login"}
14:28:05.607 INFO - To downstream: {"sessionId":"4337dbb71ca8dcdf2fe4c79b84065c51","status":0,"value":null}
14:28:05.629 INFO - Found handler: org.openqa.selenium.remote.server.ServicedSession@37cc862c
14:28:05.630 INFO - Handler thread for session 4337dbb71ca8dcdf2fe4c79b84065c51 (chrome): Executing GET on /session/4337dbb71ca8dcdf2fe4c79b84065c51/url (handler: ServicedSession)
14:28:05.645 INFO - To downstream: {"sessionId":"4337dbb71ca8dcdf2fe4c79b84065c51","status":0,"value":"http://localhost:3000/login"}
14:28:05.658 INFO - Found handler: org.openqa.selenium.remote.server.ServicedSession@37cc862c
14:28:05.659 INFO - Handler thread for session 4337dbb71ca8dcdf2fe4c79b84065c51 (chrome): Executing POST on /session/4337dbb71ca8dcdf2fe4c79b84065c51/element (handler: ServicedSession)
14:28:05.665 INFO - To upstream: {"using":"css selector","value":"input[name=\"email\"]"}
14:28:05.820 INFO - To downstream: {"sessionId":"4337dbb71ca8dcdf2fe4c79b84065c51","status":0,"value":{"ELEMENT":"0.36208805460832916-1"}}
14:28:05.847 INFO - Found handler: org.openqa.selenium.remote.server.ServicedSession@37cc862c
14:28:05.873 INFO - Handler thread for session 4337dbb71ca8dcdf2fe4c79b84065c51 (chrome): Executing POST on /session/4337dbb71ca8dcdf2fe4c79b84065c51/element/0.36208805460832916-1/value (handler: ServicedSession)
14:28:05.877 INFO - To upstream: {"value":["h","a","l","f","w","a","y","@","h","a","l","f","w","a","y",".","c","o","m"]}
14:28:06.366 INFO - To downstream: {"sessionId":"4337dbb71ca8dcdf2fe4c79b84065c51","status":0,"value":null}
14:28:06.375 INFO - Found handler: org.openqa.selenium.remote.server.ServicedSession@37cc862c
14:28:06.375 INFO - Handler thread for session 4337dbb71ca8dcdf2fe4c79b84065c51 (chrome): Executing POST on /session/4337dbb71ca8dcdf2fe4c79b84065c51/element (handler: ServicedSession)
14:28:06.378 INFO - To upstream: {"using":"css selector","value":"input[name=\"password\"]"}
14:28:06.415 INFO - To downstream: {"sessionId":"4337dbb71ca8dcdf2fe4c79b84065c51","status":0,"value":{"ELEMENT":"0.36208805460832916-2"}}
14:28:06.420 INFO - Found handler: org.openqa.selenium.remote.server.ServicedSession@37cc862c
14:28:06.421 INFO - Handler thread for session 4337dbb71ca8dcdf2fe4c79b84065c51 (chrome): Executing POST on /session/4337dbb71ca8dcdf2fe4c79b84065c51/element/0.36208805460832916-2/value (handler: ServicedSession)
14:28:06.425 INFO - To upstream: {"value":["P","a","s","s","w","o","r","d","1","!"]}
14:28:06.723 INFO - To downstream: {"sessionId":"4337dbb71ca8dcdf2fe4c79b84065c51","status":0,"value":null}
14:28:06.729 INFO - Found handler: org.openqa.selenium.remote.server.ServicedSession@37cc862c
14:28:06.730 INFO - Handler thread for session 4337dbb71ca8dcdf2fe4c79b84065c51 (chrome): Executing POST on /session/4337dbb71ca8dcdf2fe4c79b84065c51/element (handler: ServicedSession)
14:28:06.737 INFO - To upstream: {"using":"css selector","value":"#loginButton"}
14:28:06.769 INFO - To downstream: {"sessionId":"4337dbb71ca8dcdf2fe4c79b84065c51","status":0,"value":{"ELEMENT":"0.36208805460832916-3"}}
14:28:06.776 INFO - Found handler: org.openqa.selenium.remote.server.ServicedSession@37cc862c
14:28:06.777 INFO - Handler thread for session 4337dbb71ca8dcdf2fe4c79b84065c51 (chrome): Executing POST on /session/4337dbb71ca8dcdf2fe4c79b84065c51/element/0.36208805460832916-3/click (handler: ServicedSession)
14:28:06.779 INFO - To upstream: 
14:28:06.948 INFO - To downstream: {"sessionId":"4337dbb71ca8dcdf2fe4c79b84065c51","status":0,"value":null}
14:28:09.963 INFO - Found handler: org.openqa.selenium.remote.server.ServicedSession@37cc862c
14:28:09.964 INFO - Handler thread for session 4337dbb71ca8dcdf2fe4c79b84065c51 (chrome): Executing GET on /session/4337dbb71ca8dcdf2fe4c79b84065c51/url (handler: ServicedSession)
14:28:09.973 INFO - To downstream: {"sessionId":"4337dbb71ca8dcdf2fe4c79b84065c51","status":0,"value":"http://localhost:3000/"}
14:28:09.983 INFO - Found handler: org.openqa.selenium.remote.server.ServicedSession@37cc862c
14:28:09.983 INFO - Handler thread for session 4337dbb71ca8dcdf2fe4c79b84065c51 (chrome): Executing POST on /session/4337dbb71ca8dcdf2fe4c79b84065c51/elements (handler: ServicedSession)
14:28:09.988 INFO - To upstream: {"using":"css selector","value":".brandForum"}
14:28:10.023 INFO - To downstream: {"sessionId":"4337dbb71ca8dcdf2fe4c79b84065c51","status":0,"value":[{"ELEMENT":"0.36208805460832916-4"}]}
14:28:10.047 INFO - Found handler: org.openqa.selenium.remote.server.ServicedSession@37cc862c
14:28:10.047 INFO - Handler thread for session 4337dbb71ca8dcdf2fe4c79b84065c51 (chrome): Executing POST on /session/4337dbb71ca8dcdf2fe4c79b84065c51/refresh (handler: ServicedSession)
14:28:10.050 INFO - To upstream: 
14:28:10.438 INFO - To downstream: {"sessionId":"4337dbb71ca8dcdf2fe4c79b84065c51","status":0,"value":null}
14:28:10.446 INFO - Found handler: org.openqa.selenium.remote.server.ServicedSession@37cc862c
14:28:10.447 INFO - Handler thread for session 4337dbb71ca8dcdf2fe4c79b84065c51 (chrome): Executing POST on /session/4337dbb71ca8dcdf2fe4c79b84065c51/timeouts/implicit_wait (handler: ServicedSession)
14:28:10.454 INFO - To upstream: {"ms":10000}
14:28:10.457 INFO - To downstream: {"sessionId":"4337dbb71ca8dcdf2fe4c79b84065c51","status":0,"value":null}
14:28:10.465 INFO - Found handler: org.openqa.selenium.remote.server.ServicedSession@37cc862c
14:28:10.466 INFO - Handler thread for session 4337dbb71ca8dcdf2fe4c79b84065c51 (chrome): Executing POST on /session/4337dbb71ca8dcdf2fe4c79b84065c51/elements (handler: ServicedSession)
14:28:10.470 INFO - To upstream: {"using":"css selector","value":"#createThread"}
14:28:10.746 INFO - To downstream: {"sessionId":"4337dbb71ca8dcdf2fe4c79b84065c51","status":0,"value":[{"ELEMENT":"0.3256965678329793-1"}]}
14:28:10.754 INFO - Found handler: org.openqa.selenium.remote.server.ServicedSession@37cc862c
14:28:10.755 INFO - Handler thread for session 4337dbb71ca8dcdf2fe4c79b84065c51 (chrome): Executing POST on /session/4337dbb71ca8dcdf2fe4c79b84065c51/element (handler: ServicedSession)
14:28:10.760 INFO - To upstream: {"using":"css selector","value":"#createThread"}
14:28:10.805 INFO - To downstream: {"sessionId":"4337dbb71ca8dcdf2fe4c79b84065c51","status":0,"value":{"ELEMENT":"0.3256965678329793-1"}}
14:28:10.811 INFO - Found handler: org.openqa.selenium.remote.server.ServicedSession@37cc862c
14:28:10.812 INFO - Handler thread for session 4337dbb71ca8dcdf2fe4c79b84065c51 (chrome): Executing POST on /session/4337dbb71ca8dcdf2fe4c79b84065c51/element/0.3256965678329793-1/click (handler: ServicedSession)
14:28:10.814 INFO - To upstream: 
14:28:11.609 INFO - To downstream: {"sessionId":"4337dbb71ca8dcdf2fe4c79b84065c51","status":0,"value":null}
14:28:11.635 INFO - Found handler: org.openqa.selenium.remote.server.ServicedSession@37cc862c
14:28:11.637 INFO - Handler thread for session 4337dbb71ca8dcdf2fe4c79b84065c51 (chrome): Executing POST on /session/4337dbb71ca8dcdf2fe4c79b84065c51/elements (handler: ServicedSession)
14:28:11.641 INFO - To upstream: {"using":"css selector","value":".modal-title"}
14:28:11.686 INFO - To downstream: {"sessionId":"4337dbb71ca8dcdf2fe4c79b84065c51","status":0,"value":[{"ELEMENT":"0.3256965678329793-2"}]}
14:28:11.696 INFO - Found handler: org.openqa.selenium.remote.server.ServicedSession@37cc862c
14:28:11.696 INFO - Handler thread for session 4337dbb71ca8dcdf2fe4c79b84065c51 (chrome): Executing POST on /session/4337dbb71ca8dcdf2fe4c79b84065c51/elements (handler: ServicedSession)
14:28:11.700 INFO - To upstream: {"using":"css selector","value":".modal-title"}
14:28:11.720 INFO - To downstream: {"sessionId":"4337dbb71ca8dcdf2fe4c79b84065c51","status":0,"value":[{"ELEMENT":"0.3256965678329793-2"}]}
14:28:11.730 INFO - Found handler: org.openqa.selenium.remote.server.ServicedSession@37cc862c
14:28:11.730 INFO - Handler thread for session 4337dbb71ca8dcdf2fe4c79b84065c51 (chrome): Executing GET on /session/4337dbb71ca8dcdf2fe4c79b84065c51/element/0.3256965678329793-2/text (handler: ServicedSession)
14:28:11.775 INFO - To downstream: {"sessionId":"4337dbb71ca8dcdf2fe4c79b84065c51","status":0,"value":"Create New Thread!"}
14:28:11.786 INFO - Found handler: org.openqa.selenium.remote.server.ServicedSession@37cc862c
14:28:11.787 INFO - Handler thread for session 4337dbb71ca8dcdf2fe4c79b84065c51 (chrome): Executing POST on /session/4337dbb71ca8dcdf2fe4c79b84065c51/element (handler: ServicedSession)
14:28:11.790 INFO - To upstream: {"using":"css selector","value":"#formControlsSubject"}
14:28:11.825 INFO - To downstream: {"sessionId":"4337dbb71ca8dcdf2fe4c79b84065c51","status":0,"value":{"ELEMENT":"0.3256965678329793-3"}}
14:28:11.833 INFO - Found handler: org.openqa.selenium.remote.server.ServicedSession@37cc862c
14:28:11.834 INFO - Handler thread for session 4337dbb71ca8dcdf2fe4c79b84065c51 (chrome): Executing POST on /session/4337dbb71ca8dcdf2fe4c79b84065c51/element/0.3256965678329793-3/clear (handler: ServicedSession)
14:28:11.837 INFO - To upstream: 
14:28:11.887 INFO - To downstream: {"sessionId":"4337dbb71ca8dcdf2fe4c79b84065c51","status":0,"value":null}
14:28:11.895 INFO - Found handler: org.openqa.selenium.remote.server.ServicedSession@37cc862c
14:28:11.895 INFO - Handler thread for session 4337dbb71ca8dcdf2fe4c79b84065c51 (chrome): Executing POST on /session/4337dbb71ca8dcdf2fe4c79b84065c51/element (handler: ServicedSession)
14:28:11.899 INFO - To upstream: {"using":"css selector","value":"#formControlsMessage"}
14:28:11.941 INFO - To downstream: {"sessionId":"4337dbb71ca8dcdf2fe4c79b84065c51","status":0,"value":{"ELEMENT":"0.3256965678329793-4"}}
14:28:11.947 INFO - Found handler: org.openqa.selenium.remote.server.ServicedSession@37cc862c
14:28:11.948 INFO - Handler thread for session 4337dbb71ca8dcdf2fe4c79b84065c51 (chrome): Executing POST on /session/4337dbb71ca8dcdf2fe4c79b84065c51/element/0.3256965678329793-4/value (handler: ServicedSession)
14:28:11.952 INFO - To upstream: {"value":["H","e","y"," ","t","h","e","r","e"," ","t","h","i","s"," ","i","s"," ","S","e","l","e","n","i","u","m"," ","c","r","e","a","t","i","n","g"," ","a"," ","t","h","r","e","a","d","."," ","S","a","y"," ","'","h","i","'"," ","t","o"," ","t","h","e"," ","l","a","t","e","s","t"," ","r","o","b","o","t"," ","i","n"," ","t","o","w","n","!"]}
14:28:13.668 INFO - To downstream: {"sessionId":"4337dbb71ca8dcdf2fe4c79b84065c51","status":0,"value":null}
14:28:13.675 INFO - Found handler: org.openqa.selenium.remote.server.ServicedSession@37cc862c
14:28:13.676 INFO - Handler thread for session 4337dbb71ca8dcdf2fe4c79b84065c51 (chrome): Executing POST on /session/4337dbb71ca8dcdf2fe4c79b84065c51/element (handler: ServicedSession)
14:28:13.681 INFO - To upstream: {"using":"css selector","value":".btn-primary"}
14:28:13.715 INFO - To downstream: {"sessionId":"4337dbb71ca8dcdf2fe4c79b84065c51","status":0,"value":{"ELEMENT":"0.3256965678329793-5"}}
14:28:13.727 INFO - Found handler: org.openqa.selenium.remote.server.ServicedSession@37cc862c
14:28:13.728 INFO - Handler thread for session 4337dbb71ca8dcdf2fe4c79b84065c51 (chrome): Executing POST on /session/4337dbb71ca8dcdf2fe4c79b84065c51/element/0.3256965678329793-5/click (handler: ServicedSession)
14:28:13.731 INFO - To upstream: 
14:28:13.870 INFO - To downstream: {"sessionId":"4337dbb71ca8dcdf2fe4c79b84065c51","status":0,"value":null}
14:28:13.878 INFO - Found handler: org.openqa.selenium.remote.server.ServicedSession@37cc862c
14:28:13.879 INFO - Handler thread for session 4337dbb71ca8dcdf2fe4c79b84065c51 (chrome): Executing POST on /session/4337dbb71ca8dcdf2fe4c79b84065c51/elements (handler: ServicedSession)
14:28:13.882 INFO - To upstream: {"using":"css selector","value":".alert"}
14:28:13.914 INFO - To downstream: {"sessionId":"4337dbb71ca8dcdf2fe4c79b84065c51","status":0,"value":[{"ELEMENT":"0.3256965678329793-6"}]}
14:28:13.922 INFO - Found handler: org.openqa.selenium.remote.server.ServicedSession@37cc862c
14:28:13.923 INFO - Handler thread for session 4337dbb71ca8dcdf2fe4c79b84065c51 (chrome): Executing POST on /session/4337dbb71ca8dcdf2fe4c79b84065c51/elements (handler: ServicedSession)
14:28:13.927 INFO - To upstream: {"using":"css selector","value":".alert"}
14:28:13.950 INFO - To downstream: {"sessionId":"4337dbb71ca8dcdf2fe4c79b84065c51","status":0,"value":[{"ELEMENT":"0.3256965678329793-6"}]}
14:28:13.975 INFO - Found handler: org.openqa.selenium.remote.server.ServicedSession@37cc862c
14:28:13.976 INFO - Handler thread for session 4337dbb71ca8dcdf2fe4c79b84065c51 (chrome): Executing GET on /session/4337dbb71ca8dcdf2fe4c79b84065c51/element/0.3256965678329793-6/text (handler: ServicedSession)
14:28:14.022 INFO - To downstream: {"sessionId":"4337dbb71ca8dcdf2fe4c79b84065c51","status":0,"value":"One or more required fields are empty."}
14:28:14.039 INFO - Found handler: org.openqa.selenium.remote.server.ServicedSession@37cc862c
14:28:14.040 INFO - Handler thread for session 4337dbb71ca8dcdf2fe4c79b84065c51 (chrome): Executing POST on /session/4337dbb71ca8dcdf2fe4c79b84065c51/refresh (handler: ServicedSession)
14:28:14.043 INFO - To upstream: 
14:28:14.286 INFO - To downstream: {"sessionId":"4337dbb71ca8dcdf2fe4c79b84065c51","status":0,"value":null}
14:28:14.303 INFO - Found handler: org.openqa.selenium.remote.server.ServicedSession@37cc862c
14:28:14.305 INFO - Handler thread for session 4337dbb71ca8dcdf2fe4c79b84065c51 (chrome): Executing POST on /session/4337dbb71ca8dcdf2fe4c79b84065c51/timeouts/implicit_wait (handler: ServicedSession)
14:28:14.309 INFO - To upstream: {"ms":10000}
14:28:14.311 INFO - To downstream: {"sessionId":"4337dbb71ca8dcdf2fe4c79b84065c51","status":0,"value":null}
14:28:14.319 INFO - Found handler: org.openqa.selenium.remote.server.ServicedSession@37cc862c
14:28:14.320 INFO - Handler thread for session 4337dbb71ca8dcdf2fe4c79b84065c51 (chrome): Executing POST on /session/4337dbb71ca8dcdf2fe4c79b84065c51/element (handler: ServicedSession)
14:28:14.323 INFO - To upstream: {"using":"css selector","value":"#newCommentThread0"}
14:28:15.386 INFO - To downstream: {"sessionId":"4337dbb71ca8dcdf2fe4c79b84065c51","status":0,"value":{"ELEMENT":"0.018647885755428195-1"}}
14:28:15.395 INFO - Found handler: org.openqa.selenium.remote.server.ServicedSession@37cc862c
14:28:15.396 INFO - Handler thread for session 4337dbb71ca8dcdf2fe4c79b84065c51 (chrome): Executing POST on /session/4337dbb71ca8dcdf2fe4c79b84065c51/element/0.018647885755428195-1/click (handler: ServicedSession)
14:28:15.398 INFO - To upstream: 
14:28:15.590 INFO - To downstream: {"sessionId":"4337dbb71ca8dcdf2fe4c79b84065c51","status":0,"value":null}
14:28:15.596 INFO - Found handler: org.openqa.selenium.remote.server.ServicedSession@37cc862c
14:28:15.597 INFO - Handler thread for session 4337dbb71ca8dcdf2fe4c79b84065c51 (chrome): Executing POST on /session/4337dbb71ca8dcdf2fe4c79b84065c51/element (handler: ServicedSession)
14:28:15.600 INFO - To upstream: {"using":"css selector","value":"#formControlsTextarea"}
14:28:15.643 INFO - To downstream: {"sessionId":"4337dbb71ca8dcdf2fe4c79b84065c51","status":0,"value":{"ELEMENT":"0.018647885755428195-2"}}
14:28:15.649 INFO - Found handler: org.openqa.selenium.remote.server.ServicedSession@37cc862c
14:28:15.649 INFO - Handler thread for session 4337dbb71ca8dcdf2fe4c79b84065c51 (chrome): Executing POST on /session/4337dbb71ca8dcdf2fe4c79b84065c51/element/0.018647885755428195-2/value (handler: ServicedSession)
14:28:15.653 INFO - To upstream: {"value":["H","e","y"," ","t","h","i","s"," ","i","s"," ","m","y"," ","f","i","r","s","t"," ","c","o","m","m","e","n","t"," ","e","v","e","r","!","!"]}
14:28:16.402 INFO - To downstream: {"sessionId":"4337dbb71ca8dcdf2fe4c79b84065c51","status":0,"value":null}
14:28:16.408 INFO - Found handler: org.openqa.selenium.remote.server.ServicedSession@37cc862c
14:28:16.408 INFO - Handler thread for session 4337dbb71ca8dcdf2fe4c79b84065c51 (chrome): Executing POST on /session/4337dbb71ca8dcdf2fe4c79b84065c51/element (handler: ServicedSession)
14:28:16.412 INFO - To upstream: {"using":"css selector","value":"#createComment"}
14:28:16.450 INFO - To downstream: {"sessionId":"4337dbb71ca8dcdf2fe4c79b84065c51","status":0,"value":{"ELEMENT":"0.018647885755428195-3"}}
14:28:16.457 INFO - Found handler: org.openqa.selenium.remote.server.ServicedSession@37cc862c
14:28:16.458 INFO - Handler thread for session 4337dbb71ca8dcdf2fe4c79b84065c51 (chrome): Executing POST on /session/4337dbb71ca8dcdf2fe4c79b84065c51/element/0.018647885755428195-3/click (handler: ServicedSession)
14:28:16.460 INFO - To upstream: 
14:28:16.579 INFO - To downstream: {"sessionId":"4337dbb71ca8dcdf2fe4c79b84065c51","status":0,"value":null}
14:28:19.592 INFO - Found handler: org.openqa.selenium.remote.server.ServicedSession@37cc862c
14:28:19.592 INFO - Handler thread for session 4337dbb71ca8dcdf2fe4c79b84065c51 (chrome): Executing GET on /session/4337dbb71ca8dcdf2fe4c79b84065c51/alert_text (handler: ServicedSession)
14:28:19.603 INFO - To downstream: {"sessionId":"4337dbb71ca8dcdf2fe4c79b84065c51","status":0,"value":"Comment Posted Successfully!"}
14:28:19.649 INFO - Found handler: org.openqa.selenium.remote.server.ServicedSession@37cc862c
14:28:19.650 INFO - Handler thread for session 4337dbb71ca8dcdf2fe4c79b84065c51 (chrome): Executing DELETE on /session/4337dbb71ca8dcdf2fe4c79b84065c51 (handler: ServicedSession)
